<?xml version="1.0" encoding="UTF-8"?>
<testng-results ignored="0" total="1" passed="1" failed="0" skipped="0">
  <reporter-output>
  </reporter-output>
  <suite started-at="2022-10-12T13:59:33 IST" name="Default suite" finished-at="2022-10-12T13:59:48 IST" duration-ms="15045">
    <groups>
    </groups>
    <test started-at="2022-10-12T13:59:33 IST" name="Default test" finished-at="2022-10-12T13:59:48 IST" duration-ms="15045">
      <class name="propertiesFiles.MercuryRegister">
        <test-method is-config="true" signature="openPage()[pri:0, instance:propertiesFiles.MercuryRegister@27ff5d15]" started-at="2022-10-12T13:59:30 IST" name="openPage" finished-at="2022-10-12T13:59:33 IST" duration-ms="3385" status="PASS">
          <reporter-output>
          </reporter-output>
        </test-method> <!-- openPage -->
        <test-method is-config="true" signature="openUrl()[pri:0, instance:propertiesFiles.MercuryRegister@27ff5d15]" started-at="2022-10-12T13:59:33 IST" name="openUrl" finished-at="2022-10-12T13:59:39 IST" duration-ms="5385" status="PASS">
          <reporter-output>
          </reporter-output>
        </test-method> <!-- openUrl -->
        <test-method is-config="true" signature="max()[pri:0, instance:propertiesFiles.MercuryRegister@27ff5d15]" started-at="2022-10-12T13:59:39 IST" name="max" finished-at="2022-10-12T13:59:39 IST" duration-ms="175" status="PASS">
          <reporter-output>
          </reporter-output>
        </test-method> <!-- max -->
        <test-method signature="registerPage()[pri:0, instance:propertiesFiles.MercuryRegister@27ff5d15]" started-at="2022-10-12T13:59:39 IST" name="registerPage" finished-at="2022-10-12T13:59:48 IST" duration-ms="8939" status="PASS">
          <reporter-output>
          </reporter-output>
        </test-method> <!-- registerPage -->
        <test-method is-config="true" signature="CaptureSS()[pri:0, instance:propertiesFiles.MercuryRegister@27ff5d15]" started-at="2022-10-12T13:59:48 IST" name="CaptureSS" finished-at="2022-10-12T13:59:48 IST" duration-ms="453" status="PASS">
          <reporter-output>
          </reporter-output>
        </test-method> <!-- CaptureSS -->
        <test-method is-config="true" signature="closePage()[pri:0, instance:propertiesFiles.MercuryRegister@27ff5d15]" started-at="2022-10-12T13:59:49 IST" name="closePage" finished-at="2022-10-12T13:59:49 IST" duration-ms="393" status="PASS">
          <reporter-output>
          </reporter-output>
        </test-method> <!-- closePage -->
      </class> <!-- propertiesFiles.MercuryRegister -->
    </test> <!-- Default test -->
  </suite> <!-- Default suite -->
</testng-results>
