<?xml version="1.0" encoding="UTF-8"?>
<testng-results ignored="0" total="1" passed="1" failed="0" skipped="0">
  <reporter-output>
  </reporter-output>
  <suite started-at="2022-12-19T22:52:49 IST" name="Default suite" finished-at="2022-12-19T22:52:49 IST" duration-ms="115">
    <groups>
    </groups>
    <test started-at="2022-12-19T22:52:49 IST" name="Default test" finished-at="2022-12-19T22:52:49 IST" duration-ms="115">
      <class name="com.tests.LoginTest">
        <test-method signature="test1()[pri:0, instance:com.tests.LoginTest@4803b726]" started-at="2022-12-19T22:52:49 IST" name="test1" finished-at="2022-12-19T22:52:49 IST" duration-ms="18" status="PASS">
          <reporter-output>
          </reporter-output>
        </test-method> <!-- test1 -->
      </class> <!-- com.tests.LoginTest -->
    </test> <!-- Default test -->
  </suite> <!-- Default suite -->
</testng-results>
